0 info it worked if it ends with ok
1 verbose cli [ 'C:\\Users\\mbj\\AppData\\Local\\.meteor\\packages\\meteor-tool\\1.4.1_1\\mt-os.windows.x86_32\\dev_bundle\\bin\\node.exe',
1 verbose cli   'C:\\Users\\mbj\\AppData\\Local\\.meteor\\packages\\meteor-tool\\1.4.1_1\\mt-os.windows.x86_32\\dev_bundle\\lib\\node_modules\\npm\\bin\\npm-cli.js',
1 verbose cli   'install',
1 verbose cli   '--save',
1 verbose cli   'bcrypt' ]
2 info using npm@3.10.6
3 info using node@v4.5.0
4 silly loadCurrentTree Starting
5 silly install loadCurrentTree
6 silly install readLocalPackageData
7 silly fetchPackageMetaData bcrypt
8 silly fetchNamedPackageData bcrypt
9 silly mapToRegistry name bcrypt
10 silly mapToRegistry using default registry
11 silly mapToRegistry registry https://registry.npmjs.org/
12 silly mapToRegistry data Result {
12 silly mapToRegistry   raw: 'bcrypt',
12 silly mapToRegistry   scope: null,
12 silly mapToRegistry   escapedName: 'bcrypt',
12 silly mapToRegistry   name: 'bcrypt',
12 silly mapToRegistry   rawSpec: '',
12 silly mapToRegistry   spec: 'latest',
12 silly mapToRegistry   type: 'tag' }
13 silly mapToRegistry uri https://registry.npmjs.org/bcrypt
14 verbose request uri https://registry.npmjs.org/bcrypt
15 verbose request no auth needed
16 info attempt registry request try #1 at 8:45:39 PM
17 verbose request id 1d6d63c794de1cc0
18 verbose etag "CR0LH900QPH9SNVEBDQ6WA8Z1"
19 http request GET https://registry.npmjs.org/bcrypt
20 http 200 https://registry.npmjs.org/bcrypt
21 verbose headers { server: 'CouchDB/1.5.0 (Erlang OTP/R16B03)',
21 verbose headers   etag: '"398F192FUE7FBCG521B59OFYJ"',
21 verbose headers   'content-type': 'application/json',
21 verbose headers   'content-encoding': 'gzip',
21 verbose headers   'cache-control': 'max-age=300',
21 verbose headers   'content-length': '11880',
21 verbose headers   'accept-ranges': 'bytes',
21 verbose headers   date: 'Sun, 04 Sep 2016 18:45:40 GMT',
21 verbose headers   via: '1.1 varnish',
21 verbose headers   age: '159',
21 verbose headers   connection: 'keep-alive',
21 verbose headers   'x-served-by': 'cache-bma7031-BMA',
21 verbose headers   'x-cache': 'HIT',
21 verbose headers   'x-cache-hits': '1',
21 verbose headers   'x-timer': 'S1473014740.059526,VS0,VE0',
21 verbose headers   vary: 'Accept-Encoding' }
22 silly get cb [ 200,
22 silly get   { server: 'CouchDB/1.5.0 (Erlang OTP/R16B03)',
22 silly get     etag: '"398F192FUE7FBCG521B59OFYJ"',
22 silly get     'content-type': 'application/json',
22 silly get     'content-encoding': 'gzip',
22 silly get     'cache-control': 'max-age=300',
22 silly get     'content-length': '11880',
22 silly get     'accept-ranges': 'bytes',
22 silly get     date: 'Sun, 04 Sep 2016 18:45:40 GMT',
22 silly get     via: '1.1 varnish',
22 silly get     age: '159',
22 silly get     connection: 'keep-alive',
22 silly get     'x-served-by': 'cache-bma7031-BMA',
22 silly get     'x-cache': 'HIT',
22 silly get     'x-cache-hits': '1',
22 silly get     'x-timer': 'S1473014740.059526,VS0,VE0',
22 silly get     vary: 'Accept-Encoding' } ]
23 verbose get saving bcrypt to C:\Users\mbj\AppData\Roaming\npm-cache\registry.npmjs.org\bcrypt\.cache.json
24 verbose correctMkdir C:\Users\mbj\AppData\Roaming\npm-cache correctMkdir not in flight; initializing
25 silly install normalizeTree
26 silly loadCurrentTree Finishing
27 silly loadIdealTree Starting
28 silly install loadIdealTree
29 silly cloneCurrentTree Starting
30 silly install cloneCurrentTreeToIdealTree
31 silly cloneCurrentTree Finishing
32 silly loadShrinkwrap Starting
33 silly install loadShrinkwrap
34 silly loadShrinkwrap Finishing
35 silly loadAllDepsIntoIdealTree Starting
36 silly install loadAllDepsIntoIdealTree
37 silly resolveWithNewModule bcrypt@0.8.7 checking installable status
38 silly cache add args [ 'bcrypt', null ]
39 verbose cache add spec bcrypt
40 silly cache add parsed spec Result {
40 silly cache add   raw: 'bcrypt',
40 silly cache add   scope: null,
40 silly cache add   escapedName: 'bcrypt',
40 silly cache add   name: 'bcrypt',
40 silly cache add   rawSpec: '',
40 silly cache add   spec: 'latest',
40 silly cache add   type: 'tag' }
41 silly addNamed bcrypt@latest
42 verbose addNamed "latest" is being treated as a dist-tag for bcrypt
43 info addNameTag [ 'bcrypt', 'latest' ]
44 silly mapToRegistry name bcrypt
45 silly mapToRegistry using default registry
46 silly mapToRegistry registry https://registry.npmjs.org/
47 silly mapToRegistry data Result {
47 silly mapToRegistry   raw: 'bcrypt',
47 silly mapToRegistry   scope: null,
47 silly mapToRegistry   escapedName: 'bcrypt',
47 silly mapToRegistry   name: 'bcrypt',
47 silly mapToRegistry   rawSpec: '',
47 silly mapToRegistry   spec: 'latest',
47 silly mapToRegistry   type: 'tag' }
48 silly mapToRegistry uri https://registry.npmjs.org/bcrypt
49 verbose addNameTag registry:https://registry.npmjs.org/bcrypt not in flight; fetching
50 verbose get https://registry.npmjs.org/bcrypt not expired, no request
51 silly addNameTag next cb for bcrypt with tag latest
52 silly addNamed bcrypt@0.8.7
53 verbose addNamed "0.8.7" is a plain semver version for bcrypt
54 silly cache afterAdd bcrypt@0.8.7
55 verbose afterAdd C:\Users\mbj\AppData\Roaming\npm-cache\bcrypt\0.8.7\package\package.json not in flight; writing
56 verbose correctMkdir C:\Users\mbj\AppData\Roaming\npm-cache correctMkdir not in flight; initializing
57 verbose afterAdd C:\Users\mbj\AppData\Roaming\npm-cache\bcrypt\0.8.7\package\package.json written
58 silly fetchNamedPackageData bindings
59 silly mapToRegistry name bindings
60 silly mapToRegistry using default registry
61 silly mapToRegistry registry https://registry.npmjs.org/
62 silly mapToRegistry data Result {
62 silly mapToRegistry   raw: 'bindings',
62 silly mapToRegistry   scope: null,
62 silly mapToRegistry   escapedName: 'bindings',
62 silly mapToRegistry   name: 'bindings',
62 silly mapToRegistry   rawSpec: '',
62 silly mapToRegistry   spec: 'latest',
62 silly mapToRegistry   type: 'tag' }
63 silly mapToRegistry uri https://registry.npmjs.org/bindings
64 silly fetchNamedPackageData nan
65 silly mapToRegistry name nan
66 silly mapToRegistry using default registry
67 silly mapToRegistry registry https://registry.npmjs.org/
68 silly mapToRegistry data Result {
68 silly mapToRegistry   raw: 'nan',
68 silly mapToRegistry   scope: null,
68 silly mapToRegistry   escapedName: 'nan',
68 silly mapToRegistry   name: 'nan',
68 silly mapToRegistry   rawSpec: '',
68 silly mapToRegistry   spec: 'latest',
68 silly mapToRegistry   type: 'tag' }
69 silly mapToRegistry uri https://registry.npmjs.org/nan
70 verbose request uri https://registry.npmjs.org/bindings
71 verbose request no auth needed
72 info attempt registry request try #1 at 8:45:40 PM
73 http request GET https://registry.npmjs.org/bindings
74 verbose request uri https://registry.npmjs.org/nan
75 verbose request no auth needed
76 info attempt registry request try #1 at 8:45:40 PM
77 http request GET https://registry.npmjs.org/nan
78 http 200 https://registry.npmjs.org/bindings
79 verbose headers { server: 'CouchDB/1.5.0 (Erlang OTP/R16B03)',
79 verbose headers   etag: '"33TX4J3DNTGF7K41ZUV6OA182"',
79 verbose headers   'content-type': 'application/json',
79 verbose headers   'content-encoding': 'gzip',
79 verbose headers   'cache-control': 'max-age=300',
79 verbose headers   'content-length': '3804',
79 verbose headers   'accept-ranges': 'bytes',
79 verbose headers   date: 'Sun, 04 Sep 2016 18:45:40 GMT',
79 verbose headers   via: '1.1 varnish',
79 verbose headers   age: '0',
79 verbose headers   connection: 'keep-alive',
79 verbose headers   'x-served-by': 'cache-bma7031-BMA',
79 verbose headers   'x-cache': 'HIT',
79 verbose headers   'x-cache-hits': '1',
79 verbose headers   'x-timer': 'S1473014740.371934,VS0,VE123',
79 verbose headers   vary: 'Accept-Encoding' }
80 silly get cb [ 200,
80 silly get   { server: 'CouchDB/1.5.0 (Erlang OTP/R16B03)',
80 silly get     etag: '"33TX4J3DNTGF7K41ZUV6OA182"',
80 silly get     'content-type': 'application/json',
80 silly get     'content-encoding': 'gzip',
80 silly get     'cache-control': 'max-age=300',
80 silly get     'content-length': '3804',
80 silly get     'accept-ranges': 'bytes',
80 silly get     date: 'Sun, 04 Sep 2016 18:45:40 GMT',
80 silly get     via: '1.1 varnish',
80 silly get     age: '0',
80 silly get     connection: 'keep-alive',
80 silly get     'x-served-by': 'cache-bma7031-BMA',
80 silly get     'x-cache': 'HIT',
80 silly get     'x-cache-hits': '1',
80 silly get     'x-timer': 'S1473014740.371934,VS0,VE123',
80 silly get     vary: 'Accept-Encoding' } ]
81 verbose get saving bindings to C:\Users\mbj\AppData\Roaming\npm-cache\registry.npmjs.org\bindings\.cache.json
82 verbose correctMkdir C:\Users\mbj\AppData\Roaming\npm-cache correctMkdir not in flight; initializing
83 http 200 https://registry.npmjs.org/nan
84 verbose headers { server: 'CouchDB/1.5.0 (Erlang OTP/R16B03)',
84 verbose headers   etag: '"1OOZJAUMBQC59OINHZGMRRCSL"',
84 verbose headers   'content-type': 'application/json',
84 verbose headers   'content-encoding': 'gzip',
84 verbose headers   'cache-control': 'max-age=300',
84 verbose headers   'content-length': '17140',
84 verbose headers   'accept-ranges': 'bytes',
84 verbose headers   date: 'Sun, 04 Sep 2016 18:45:40 GMT',
84 verbose headers   via: '1.1 varnish',
84 verbose headers   age: '20',
84 verbose headers   connection: 'keep-alive',
84 verbose headers   'x-served-by': 'cache-bma7022-BMA',
84 verbose headers   'x-cache': 'HIT',
84 verbose headers   'x-cache-hits': '2',
84 verbose headers   'x-timer': 'S1473014740.472977,VS0,VE0',
84 verbose headers   vary: 'Accept-Encoding' }
85 silly get cb [ 200,
85 silly get   { server: 'CouchDB/1.5.0 (Erlang OTP/R16B03)',
85 silly get     etag: '"1OOZJAUMBQC59OINHZGMRRCSL"',
85 silly get     'content-type': 'application/json',
85 silly get     'content-encoding': 'gzip',
85 silly get     'cache-control': 'max-age=300',
85 silly get     'content-length': '17140',
85 silly get     'accept-ranges': 'bytes',
85 silly get     date: 'Sun, 04 Sep 2016 18:45:40 GMT',
85 silly get     via: '1.1 varnish',
85 silly get     age: '20',
85 silly get     connection: 'keep-alive',
85 silly get     'x-served-by': 'cache-bma7022-BMA',
85 silly get     'x-cache': 'HIT',
85 silly get     'x-cache-hits': '2',
85 silly get     'x-timer': 'S1473014740.472977,VS0,VE0',
85 silly get     vary: 'Accept-Encoding' } ]
86 verbose get saving nan to C:\Users\mbj\AppData\Roaming\npm-cache\registry.npmjs.org\nan\.cache.json
87 verbose correctMkdir C:\Users\mbj\AppData\Roaming\npm-cache correctMkdir not in flight; initializing
88 silly resolveWithNewModule bindings@1.2.1 checking installable status
89 silly cache add args [ 'bindings@1.2.1', null ]
90 verbose cache add spec bindings@1.2.1
91 silly cache add parsed spec Result {
91 silly cache add   raw: 'bindings@1.2.1',
91 silly cache add   scope: null,
91 silly cache add   escapedName: 'bindings',
91 silly cache add   name: 'bindings',
91 silly cache add   rawSpec: '1.2.1',
91 silly cache add   spec: '1.2.1',
91 silly cache add   type: 'version' }
92 silly addNamed bindings@1.2.1
93 verbose addNamed "1.2.1" is a plain semver version for bindings
94 silly mapToRegistry name bindings
95 silly mapToRegistry using default registry
96 silly mapToRegistry registry https://registry.npmjs.org/
97 silly mapToRegistry data Result {
97 silly mapToRegistry   raw: 'bindings',
97 silly mapToRegistry   scope: null,
97 silly mapToRegistry   escapedName: 'bindings',
97 silly mapToRegistry   name: 'bindings',
97 silly mapToRegistry   rawSpec: '',
97 silly mapToRegistry   spec: 'latest',
97 silly mapToRegistry   type: 'tag' }
98 silly mapToRegistry uri https://registry.npmjs.org/bindings
99 verbose addNameVersion registry:https://registry.npmjs.org/bindings not in flight; fetching
100 verbose get https://registry.npmjs.org/bindings not expired, no request
101 silly mapToRegistry name bindings
102 silly mapToRegistry using default registry
103 silly mapToRegistry registry https://registry.npmjs.org/
104 silly mapToRegistry data Result {
104 silly mapToRegistry   raw: 'bindings',
104 silly mapToRegistry   scope: null,
104 silly mapToRegistry   escapedName: 'bindings',
104 silly mapToRegistry   name: 'bindings',
104 silly mapToRegistry   rawSpec: '',
104 silly mapToRegistry   spec: 'latest',
104 silly mapToRegistry   type: 'tag' }
105 silly mapToRegistry uri https://registry.npmjs.org/bindings
106 verbose addRemoteTarball https://registry.npmjs.org/bindings/-/bindings-1.2.1.tgz not in flight; adding
107 verbose addRemoteTarball [ 'https://registry.npmjs.org/bindings/-/bindings-1.2.1.tgz',
107 verbose addRemoteTarball   '14ad6113812d2d37d72e67b4cacb4bb726505f11' ]
108 info retry fetch attempt 1 at 8:45:40 PM
109 info attempt registry request try #1 at 8:45:40 PM
110 http fetch GET https://registry.npmjs.org/bindings/-/bindings-1.2.1.tgz
111 silly resolveWithNewModule nan@2.3.5 checking installable status
112 silly cache add args [ 'nan@2.3.5', null ]
113 verbose cache add spec nan@2.3.5
114 silly cache add parsed spec Result {
114 silly cache add   raw: 'nan@2.3.5',
114 silly cache add   scope: null,
114 silly cache add   escapedName: 'nan',
114 silly cache add   name: 'nan',
114 silly cache add   rawSpec: '2.3.5',
114 silly cache add   spec: '2.3.5',
114 silly cache add   type: 'version' }
115 silly addNamed nan@2.3.5
116 verbose addNamed "2.3.5" is a plain semver version for nan
117 silly mapToRegistry name nan
118 silly mapToRegistry using default registry
119 silly mapToRegistry registry https://registry.npmjs.org/
120 silly mapToRegistry data Result {
120 silly mapToRegistry   raw: 'nan',
120 silly mapToRegistry   scope: null,
120 silly mapToRegistry   escapedName: 'nan',
120 silly mapToRegistry   name: 'nan',
120 silly mapToRegistry   rawSpec: '',
120 silly mapToRegistry   spec: 'latest',
120 silly mapToRegistry   type: 'tag' }
121 silly mapToRegistry uri https://registry.npmjs.org/nan
122 verbose addNameVersion registry:https://registry.npmjs.org/nan not in flight; fetching
123 verbose get https://registry.npmjs.org/nan not expired, no request
124 silly mapToRegistry name nan
125 silly mapToRegistry using default registry
126 silly mapToRegistry registry https://registry.npmjs.org/
127 silly mapToRegistry data Result {
127 silly mapToRegistry   raw: 'nan',
127 silly mapToRegistry   scope: null,
127 silly mapToRegistry   escapedName: 'nan',
127 silly mapToRegistry   name: 'nan',
127 silly mapToRegistry   rawSpec: '',
127 silly mapToRegistry   spec: 'latest',
127 silly mapToRegistry   type: 'tag' }
128 silly mapToRegistry uri https://registry.npmjs.org/nan
129 verbose addRemoteTarball https://registry.npmjs.org/nan/-/nan-2.3.5.tgz not in flight; adding
130 verbose addRemoteTarball [ 'https://registry.npmjs.org/nan/-/nan-2.3.5.tgz',
130 verbose addRemoteTarball   '822a0dc266290ce4cd3a12282ca3e7e364668a08' ]
131 info retry fetch attempt 1 at 8:45:40 PM
132 info attempt registry request try #1 at 8:45:40 PM
133 http fetch GET https://registry.npmjs.org/nan/-/nan-2.3.5.tgz
134 http fetch 200 https://registry.npmjs.org/bindings/-/bindings-1.2.1.tgz
135 http fetch 200 https://registry.npmjs.org/nan/-/nan-2.3.5.tgz
136 silly fetchAndShaCheck shasum 14ad6113812d2d37d72e67b4cacb4bb726505f11
137 silly fetchAndShaCheck shasum 822a0dc266290ce4cd3a12282ca3e7e364668a08
138 verbose addTmpTarball C:\Users\mbj\AppData\Local\Temp\npm-27180-9a73d2d7\registry.npmjs.org\bindings\-\bindings-1.2.1.tgz not in flight; adding
139 verbose addTmpTarball already have metadata; skipping unpack for bindings@1.2.1
140 verbose correctMkdir C:\Users\mbj\AppData\Roaming\npm-cache correctMkdir not in flight; initializing
141 verbose addTmpTarball C:\Users\mbj\AppData\Local\Temp\npm-27180-9a73d2d7\registry.npmjs.org\nan\-\nan-2.3.5.tgz not in flight; adding
142 verbose addTmpTarball already have metadata; skipping unpack for nan@2.3.5
143 verbose correctMkdir C:\Users\mbj\AppData\Roaming\npm-cache correctMkdir not in flight; initializing
144 silly cache afterAdd bindings@1.2.1
145 verbose afterAdd C:\Users\mbj\AppData\Roaming\npm-cache\bindings\1.2.1\package\package.json not in flight; writing
146 verbose correctMkdir C:\Users\mbj\AppData\Roaming\npm-cache correctMkdir not in flight; initializing
147 verbose afterAdd C:\Users\mbj\AppData\Roaming\npm-cache\bindings\1.2.1\package\package.json written
148 silly cache afterAdd nan@2.3.5
149 verbose afterAdd C:\Users\mbj\AppData\Roaming\npm-cache\nan\2.3.5\package\package.json not in flight; writing
150 verbose correctMkdir C:\Users\mbj\AppData\Roaming\npm-cache correctMkdir not in flight; initializing
151 verbose afterAdd C:\Users\mbj\AppData\Roaming\npm-cache\nan\2.3.5\package\package.json written
152 silly loadAllDepsIntoIdealTree Finishing
153 silly loadIdealTree Finishing
154 silly currentTree senseWebIntegration
154 silly currentTree +-- meteor-node-stubs@0.2.3
154 silly currentTree | +-- assert@1.3.0
154 silly currentTree | +-- browserify-zlib@0.1.4
154 silly currentTree | | `-- pako@0.2.8
154 silly currentTree | +-- buffer@4.5.1
154 silly currentTree | | +-- base64-js@1.1.2
154 silly currentTree | | +-- ieee754@1.1.6
154 silly currentTree | | `-- isarray@1.0.0
154 silly currentTree | +-- console-browserify@1.1.0
154 silly currentTree | | `-- date-now@0.1.4
154 silly currentTree | +-- constants-browserify@1.0.0
154 silly currentTree | +-- crypto-browserify@3.11.0
154 silly currentTree | | +-- browserify-cipher@1.0.0
154 silly currentTree | | | +-- browserify-aes@1.0.6
154 silly currentTree | | | | +-- buffer-xor@1.0.3
154 silly currentTree | | | | `-- cipher-base@1.0.2
154 silly currentTree | | | +-- browserify-des@1.0.0
154 silly currentTree | | | | +-- cipher-base@1.0.2
154 silly currentTree | | | | `-- des.js@1.0.0
154 silly currentTree | | | |   `-- minimalistic-assert@1.0.0
154 silly currentTree | | | `-- evp_bytestokey@1.0.0
154 silly currentTree | | +-- browserify-sign@4.0.0
154 silly currentTree | | | +-- bn.js@4.11.1
154 silly currentTree | | | +-- browserify-rsa@4.0.1
154 silly currentTree | | | +-- elliptic@6.2.3
154 silly currentTree | | | | +-- brorand@1.0.5
154 silly currentTree | | | | `-- hash.js@1.0.3
154 silly currentTree | | | `-- parse-asn1@5.0.0
154 silly currentTree | | |   +-- asn1.js@4.5.2
154 silly currentTree | | |   | `-- minimalistic-assert@1.0.0
154 silly currentTree | | |   +-- browserify-aes@1.0.6
154 silly currentTree | | |   | +-- buffer-xor@1.0.3
154 silly currentTree | | |   | `-- cipher-base@1.0.2
154 silly currentTree | | |   `-- evp_bytestokey@1.0.0
154 silly currentTree | | +-- create-ecdh@4.0.0
154 silly currentTree | | | +-- bn.js@4.11.1
154 silly currentTree | | | `-- elliptic@6.2.3
154 silly currentTree | | |   +-- brorand@1.0.5
154 silly currentTree | | |   `-- hash.js@1.0.3
154 silly currentTree | | +-- create-hash@1.1.2
154 silly currentTree | | | +-- cipher-base@1.0.2
154 silly currentTree | | | +-- ripemd160@1.0.1
154 silly currentTree | | | `-- sha.js@2.4.5
154 silly currentTree | | +-- create-hmac@1.1.4
154 silly currentTree | | +-- diffie-hellman@5.0.2
154 silly currentTree | | | +-- bn.js@4.11.1
154 silly currentTree | | | `-- miller-rabin@4.0.0
154 silly currentTree | | |   `-- brorand@1.0.5
154 silly currentTree | | +-- inherits@2.0.1
154 silly currentTree | | +-- pbkdf2@3.0.4
154 silly currentTree | | +-- public-encrypt@4.0.0
154 silly currentTree | | | +-- bn.js@4.11.1
154 silly currentTree | | | +-- browserify-rsa@4.0.1
154 silly currentTree | | | `-- parse-asn1@5.0.0
154 silly currentTree | | |   +-- asn1.js@4.5.2
154 silly currentTree | | |   | `-- minimalistic-assert@1.0.0
154 silly currentTree | | |   +-- browserify-aes@1.0.6
154 silly currentTree | | |   | +-- buffer-xor@1.0.3
154 silly currentTree | | |   | `-- cipher-base@1.0.2
154 silly currentTree | | |   `-- evp_bytestokey@1.0.0
154 silly currentTree | | `-- randombytes@2.0.3
154 silly currentTree | +-- domain-browser@1.1.7
154 silly currentTree | +-- events@1.1.0
154 silly currentTree | +-- http-browserify@1.7.0
154 silly currentTree | | +-- Base64@0.2.1
154 silly currentTree | | `-- inherits@2.0.1
154 silly currentTree | +-- https-browserify@0.0.1
154 silly currentTree | +-- os-browserify@0.2.1
154 silly currentTree | +-- path-browserify@0.0.0
154 silly currentTree | +-- process@0.11.2
154 silly currentTree | +-- punycode@1.4.1
154 silly currentTree | +-- querystring-es3@0.2.1
154 silly currentTree | +-- readable-stream@2.0.6
154 silly currentTree | | +-- core-util-is@1.0.2
154 silly currentTree | | +-- inherits@2.0.1
154 silly currentTree | | +-- isarray@1.0.0
154 silly currentTree | | +-- process-nextick-args@1.0.6
154 silly currentTree | | `-- util-deprecate@1.0.2
154 silly currentTree | +-- stream-browserify@2.0.1
154 silly currentTree | | `-- inherits@2.0.1
154 silly currentTree | +-- string_decoder@0.10.31
154 silly currentTree | +-- timers-browserify@1.4.2
154 silly currentTree | +-- tty-browserify@0.0.0
154 silly currentTree | +-- url@0.11.0
154 silly currentTree | | +-- punycode@1.3.2
154 silly currentTree | | `-- querystring@0.2.0
154 silly currentTree | +-- util@0.10.3
154 silly currentTree | | `-- inherits@2.0.1
154 silly currentTree | `-- vm-browserify@0.0.4
154 silly currentTree |   `-- indexof@0.0.1
154 silly currentTree `-- qlik-auth@1.2.1
154 silly currentTree   `-- underscore@1.8.3
155 silly idealTree senseWebIntegration
155 silly idealTree +-- bcrypt@0.8.7
155 silly idealTree +-- bindings@1.2.1
155 silly idealTree +-- meteor-node-stubs@0.2.3
155 silly idealTree | +-- assert@1.3.0
155 silly idealTree | +-- browserify-zlib@0.1.4
155 silly idealTree | | `-- pako@0.2.8
155 silly idealTree | +-- buffer@4.5.1
155 silly idealTree | | +-- base64-js@1.1.2
155 silly idealTree | | +-- ieee754@1.1.6
155 silly idealTree | | `-- isarray@1.0.0
155 silly idealTree | +-- console-browserify@1.1.0
155 silly idealTree | | `-- date-now@0.1.4
155 silly idealTree | +-- constants-browserify@1.0.0
155 silly idealTree | +-- crypto-browserify@3.11.0
155 silly idealTree | | +-- browserify-cipher@1.0.0
155 silly idealTree | | | +-- browserify-aes@1.0.6
155 silly idealTree | | | | +-- buffer-xor@1.0.3
155 silly idealTree | | | | `-- cipher-base@1.0.2
155 silly idealTree | | | +-- browserify-des@1.0.0
155 silly idealTree | | | | +-- cipher-base@1.0.2
155 silly idealTree | | | | `-- des.js@1.0.0
155 silly idealTree | | | |   `-- minimalistic-assert@1.0.0
155 silly idealTree | | | `-- evp_bytestokey@1.0.0
155 silly idealTree | | +-- browserify-sign@4.0.0
155 silly idealTree | | | +-- bn.js@4.11.1
155 silly idealTree | | | +-- browserify-rsa@4.0.1
155 silly idealTree | | | +-- elliptic@6.2.3
155 silly idealTree | | | | +-- brorand@1.0.5
155 silly idealTree | | | | `-- hash.js@1.0.3
155 silly idealTree | | | `-- parse-asn1@5.0.0
155 silly idealTree | | |   +-- asn1.js@4.5.2
155 silly idealTree | | |   | `-- minimalistic-assert@1.0.0
155 silly idealTree | | |   +-- browserify-aes@1.0.6
155 silly idealTree | | |   | +-- buffer-xor@1.0.3
155 silly idealTree | | |   | `-- cipher-base@1.0.2
155 silly idealTree | | |   `-- evp_bytestokey@1.0.0
155 silly idealTree | | +-- create-ecdh@4.0.0
155 silly idealTree | | | +-- bn.js@4.11.1
155 silly idealTree | | | `-- elliptic@6.2.3
155 silly idealTree | | |   +-- brorand@1.0.5
155 silly idealTree | | |   `-- hash.js@1.0.3
155 silly idealTree | | +-- create-hash@1.1.2
155 silly idealTree | | | +-- cipher-base@1.0.2
155 silly idealTree | | | +-- ripemd160@1.0.1
155 silly idealTree | | | `-- sha.js@2.4.5
155 silly idealTree | | +-- create-hmac@1.1.4
155 silly idealTree | | +-- diffie-hellman@5.0.2
155 silly idealTree | | | +-- bn.js@4.11.1
155 silly idealTree | | | `-- miller-rabin@4.0.0
155 silly idealTree | | |   `-- brorand@1.0.5
155 silly idealTree | | +-- inherits@2.0.1
155 silly idealTree | | +-- pbkdf2@3.0.4
155 silly idealTree | | +-- public-encrypt@4.0.0
155 silly idealTree | | | +-- bn.js@4.11.1
155 silly idealTree | | | +-- browserify-rsa@4.0.1
155 silly idealTree | | | `-- parse-asn1@5.0.0
155 silly idealTree | | |   +-- asn1.js@4.5.2
155 silly idealTree | | |   | `-- minimalistic-assert@1.0.0
155 silly idealTree | | |   +-- browserify-aes@1.0.6
155 silly idealTree | | |   | +-- buffer-xor@1.0.3
155 silly idealTree | | |   | `-- cipher-base@1.0.2
155 silly idealTree | | |   `-- evp_bytestokey@1.0.0
155 silly idealTree | | `-- randombytes@2.0.3
155 silly idealTree | +-- domain-browser@1.1.7
155 silly idealTree | +-- events@1.1.0
155 silly idealTree | +-- http-browserify@1.7.0
155 silly idealTree | | +-- Base64@0.2.1
155 silly idealTree | | `-- inherits@2.0.1
155 silly idealTree | +-- https-browserify@0.0.1
155 silly idealTree | +-- os-browserify@0.2.1
155 silly idealTree | +-- path-browserify@0.0.0
155 silly idealTree | +-- process@0.11.2
155 silly idealTree | +-- punycode@1.4.1
155 silly idealTree | +-- querystring-es3@0.2.1
155 silly idealTree | +-- readable-stream@2.0.6
155 silly idealTree | | +-- core-util-is@1.0.2
155 silly idealTree | | +-- inherits@2.0.1
155 silly idealTree | | +-- isarray@1.0.0
155 silly idealTree | | +-- process-nextick-args@1.0.6
155 silly idealTree | | `-- util-deprecate@1.0.2
155 silly idealTree | +-- stream-browserify@2.0.1
155 silly idealTree | | `-- inherits@2.0.1
155 silly idealTree | +-- string_decoder@0.10.31
155 silly idealTree | +-- timers-browserify@1.4.2
155 silly idealTree | +-- tty-browserify@0.0.0
155 silly idealTree | +-- url@0.11.0
155 silly idealTree | | +-- punycode@1.3.2
155 silly idealTree | | `-- querystring@0.2.0
155 silly idealTree | +-- util@0.10.3
155 silly idealTree | | `-- inherits@2.0.1
155 silly idealTree | `-- vm-browserify@0.0.4
155 silly idealTree |   `-- indexof@0.0.1
155 silly idealTree +-- nan@2.3.5
155 silly idealTree `-- qlik-auth@1.2.1
155 silly idealTree   `-- underscore@1.8.3
156 silly generateActionsToTake Starting
157 silly install generateActionsToTake
158 silly generateActionsToTake Finishing
159 silly diffTrees action count 3
160 silly diffTrees add bindings@1.2.1
161 silly diffTrees add nan@2.3.5
162 silly diffTrees add bcrypt@0.8.7
163 silly decomposeActions action count 24
164 silly decomposeActions fetch bindings@1.2.1
165 silly decomposeActions extract bindings@1.2.1
166 silly decomposeActions test bindings@1.2.1
167 silly decomposeActions preinstall bindings@1.2.1
168 silly decomposeActions build bindings@1.2.1
169 silly decomposeActions install bindings@1.2.1
170 silly decomposeActions postinstall bindings@1.2.1
171 silly decomposeActions finalize bindings@1.2.1
172 silly decomposeActions fetch nan@2.3.5
173 silly decomposeActions extract nan@2.3.5
174 silly decomposeActions test nan@2.3.5
175 silly decomposeActions preinstall nan@2.3.5
176 silly decomposeActions build nan@2.3.5
177 silly decomposeActions install nan@2.3.5
178 silly decomposeActions postinstall nan@2.3.5
179 silly decomposeActions finalize nan@2.3.5
180 silly decomposeActions fetch bcrypt@0.8.7
181 silly decomposeActions extract bcrypt@0.8.7
182 silly decomposeActions test bcrypt@0.8.7
183 silly decomposeActions preinstall bcrypt@0.8.7
184 silly decomposeActions build bcrypt@0.8.7
185 silly decomposeActions install bcrypt@0.8.7
186 silly decomposeActions postinstall bcrypt@0.8.7
187 silly decomposeActions finalize bcrypt@0.8.7
188 silly executeActions Starting
189 silly install executeActions
190 silly doSerial global-install 0
191 silly doParallel fetch 3
192 verbose correctMkdir C:\Users\mbj\AppData\Roaming\npm-cache\_locks correctMkdir not in flight; initializing
193 verbose lock using C:\Users\mbj\AppData\Roaming\npm-cache\_locks\staging-cb95a2f27e09c85a.lock for C:\Users\mbj\Documents\GitHub\senseWebIntegration\node_modules\.staging
194 silly doParallel extract 3
195 silly extract bindings@1.2.1
196 silly extract nan@2.3.5
197 silly extract bcrypt@0.8.7
198 verbose unbuild node_modules\.staging\bcrypt-fc90680a
199 verbose unbuild node_modules\.staging\bindings-1b52c824
200 verbose unbuild node_modules\.staging\nan-b7ad6ec8
201 silly gentlyRm C:\Users\mbj\Documents\GitHub\senseWebIntegration\node_modules\.staging\bcrypt-fc90680a is being purged from base C:\Users\mbj\Documents\GitHub\senseWebIntegration
202 verbose gentlyRm don't care about contents; nuking C:\Users\mbj\Documents\GitHub\senseWebIntegration\node_modules\.staging\bcrypt-fc90680a
203 verbose tar unpack C:\Users\mbj\AppData\Roaming\npm-cache\bcrypt\0.8.7\package.tgz
204 verbose tar unpacking to C:\Users\mbj\Documents\GitHub\senseWebIntegration\node_modules\.staging\bcrypt-fc90680a
205 silly gentlyRm C:\Users\mbj\Documents\GitHub\senseWebIntegration\node_modules\.staging\bcrypt-fc90680a is being purged
206 verbose gentlyRm don't care about contents; nuking C:\Users\mbj\Documents\GitHub\senseWebIntegration\node_modules\.staging\bcrypt-fc90680a
207 silly gunzTarPerm modes [ '777', '666' ]
208 silly gentlyRm C:\Users\mbj\Documents\GitHub\senseWebIntegration\node_modules\.staging\bindings-1b52c824 is being purged from base C:\Users\mbj\Documents\GitHub\senseWebIntegration
209 verbose gentlyRm don't care about contents; nuking C:\Users\mbj\Documents\GitHub\senseWebIntegration\node_modules\.staging\bindings-1b52c824
210 silly gentlyRm C:\Users\mbj\Documents\GitHub\senseWebIntegration\node_modules\.staging\nan-b7ad6ec8 is being purged from base C:\Users\mbj\Documents\GitHub\senseWebIntegration
211 verbose gentlyRm don't care about contents; nuking C:\Users\mbj\Documents\GitHub\senseWebIntegration\node_modules\.staging\nan-b7ad6ec8
212 verbose tar unpack C:\Users\mbj\AppData\Roaming\npm-cache\bindings\1.2.1\package.tgz
213 verbose tar unpacking to C:\Users\mbj\Documents\GitHub\senseWebIntegration\node_modules\.staging\bindings-1b52c824
214 silly gentlyRm C:\Users\mbj\Documents\GitHub\senseWebIntegration\node_modules\.staging\bindings-1b52c824 is being purged
215 verbose gentlyRm don't care about contents; nuking C:\Users\mbj\Documents\GitHub\senseWebIntegration\node_modules\.staging\bindings-1b52c824
216 verbose tar unpack C:\Users\mbj\AppData\Roaming\npm-cache\nan\2.3.5\package.tgz
217 verbose tar unpacking to C:\Users\mbj\Documents\GitHub\senseWebIntegration\node_modules\.staging\nan-b7ad6ec8
218 silly gentlyRm C:\Users\mbj\Documents\GitHub\senseWebIntegration\node_modules\.staging\nan-b7ad6ec8 is being purged
219 verbose gentlyRm don't care about contents; nuking C:\Users\mbj\Documents\GitHub\senseWebIntegration\node_modules\.staging\nan-b7ad6ec8
220 silly gunzTarPerm modes [ '777', '666' ]
221 silly gunzTarPerm modes [ '777', '666' ]
222 silly gunzTarPerm extractEntry package.json
223 silly gunzTarPerm modified mode [ 'package.json', 420, 438 ]
224 silly gunzTarPerm extractEntry package.json
225 silly gunzTarPerm modified mode [ 'package.json', 420, 438 ]
226 silly gunzTarPerm extractEntry package.json
227 silly gunzTarPerm modified mode [ 'package.json', 436, 438 ]
228 silly gunzTarPerm extractEntry .npmignore
229 silly gunzTarPerm modified mode [ '.npmignore', 420, 438 ]
230 silly gunzTarPerm extractEntry README.md
231 silly gunzTarPerm modified mode [ 'README.md', 420, 438 ]
232 silly gunzTarPerm extractEntry README.md
233 silly gunzTarPerm modified mode [ 'README.md', 420, 438 ]
234 silly gunzTarPerm extractEntry bindings.js
235 silly gunzTarPerm modified mode [ 'bindings.js', 420, 438 ]
236 silly gunzTarPerm extractEntry README.md
237 silly gunzTarPerm modified mode [ 'README.md', 436, 438 ]
238 silly gunzTarPerm extractEntry include_dirs.js
239 silly gunzTarPerm modified mode [ 'include_dirs.js', 436, 438 ]
240 silly gunzTarPerm extractEntry LICENSE
241 silly gunzTarPerm modified mode [ 'LICENSE', 420, 438 ]
242 silly gunzTarPerm extractEntry bcrypt.js
243 silly gunzTarPerm modified mode [ 'bcrypt.js', 420, 438 ]
244 silly gunzTarPerm extractEntry Makefile
245 silly gunzTarPerm modified mode [ 'Makefile', 420, 438 ]
246 silly gunzTarPerm extractEntry .travis.yml
247 silly gunzTarPerm modified mode [ '.travis.yml', 420, 438 ]
248 silly gunzTarPerm extractEntry CHANGELOG.md
249 silly gunzTarPerm modified mode [ 'CHANGELOG.md', 420, 438 ]
250 silly gunzTarPerm extractEntry binding.gyp
251 silly gunzTarPerm modified mode [ 'binding.gyp', 420, 438 ]
252 silly gunzTarPerm extractEntry examples/async_compare.js
253 silly gunzTarPerm modified mode [ 'examples/async_compare.js', 420, 438 ]
254 silly gunzTarPerm extractEntry examples/forever_gen_salt.js
255 silly gunzTarPerm modified mode [ 'examples/forever_gen_salt.js', 420, 438 ]
256 silly gunzTarPerm extractEntry test/async.js
257 silly gunzTarPerm modified mode [ 'test/async.js', 420, 438 ]
258 silly gunzTarPerm extractEntry test/repetitions.js
259 silly gunzTarPerm modified mode [ 'test/repetitions.js', 420, 438 ]
260 silly gunzTarPerm extractEntry test/sync.js
261 silly gunzTarPerm modified mode [ 'test/sync.js', 420, 438 ]
262 silly gunzTarPerm extractEntry ISSUE_TEMPLATE.md
263 silly gunzTarPerm modified mode [ 'ISSUE_TEMPLATE.md', 420, 438 ]
264 silly gunzTarPerm extractEntry src/bcrypt.cc
265 silly gunzTarPerm modified mode [ 'src/bcrypt.cc', 420, 438 ]
266 silly gunzTarPerm extractEntry src/bcrypt_node.cc
267 silly gunzTarPerm modified mode [ 'src/bcrypt_node.cc', 420, 438 ]
268 silly gunzTarPerm extractEntry src/blowfish.cc
269 silly gunzTarPerm modified mode [ 'src/blowfish.cc', 420, 438 ]
270 silly gunzTarPerm extractEntry src/node_blf.h
271 silly gunzTarPerm modified mode [ 'src/node_blf.h', 420, 438 ]
272 silly gunzTarPerm extractEntry werker.yml
273 silly gunzTarPerm modified mode [ 'werker.yml', 420, 438 ]
274 silly gunzTarPerm extractEntry nan_converters.h
275 silly gunzTarPerm modified mode [ 'nan_converters.h', 436, 438 ]
276 silly gunzTarPerm extractEntry LICENSE.md
277 silly gunzTarPerm modified mode [ 'LICENSE.md', 436, 438 ]
278 silly gunzTarPerm extractEntry doc/node_misc.md
279 silly gunzTarPerm modified mode [ 'doc/node_misc.md', 436, 438 ]
280 silly gunzTarPerm extractEntry doc/asyncworker.md
281 silly gunzTarPerm modified mode [ 'doc/asyncworker.md', 436, 438 ]
282 silly gunzTarPerm extractEntry doc/callback.md
283 silly gunzTarPerm modified mode [ 'doc/callback.md', 436, 438 ]
284 silly gunzTarPerm extractEntry doc/converters.md
285 silly gunzTarPerm modified mode [ 'doc/converters.md', 436, 438 ]
286 silly gunzTarPerm extractEntry doc/errors.md
287 silly gunzTarPerm modified mode [ 'doc/errors.md', 436, 438 ]
288 silly gunzTarPerm extractEntry doc/maybe_types.md
289 silly gunzTarPerm modified mode [ 'doc/maybe_types.md', 436, 438 ]
290 silly gentlyRm C:\Users\mbj\Documents\GitHub\senseWebIntegration\node_modules\.staging\bindings-1b52c824\node_modules is being purged
291 verbose gentlyRm don't care about contents; nuking C:\Users\mbj\Documents\GitHub\senseWebIntegration\node_modules\.staging\bindings-1b52c824\node_modules
292 silly gunzTarPerm extractEntry doc/methods.md
293 silly gunzTarPerm modified mode [ 'doc/methods.md', 436, 438 ]
294 silly gunzTarPerm extractEntry doc/new.md
295 silly gunzTarPerm modified mode [ 'doc/new.md', 436, 438 ]
296 silly gunzTarPerm extractEntry doc/buffers.md
297 silly gunzTarPerm modified mode [ 'doc/buffers.md', 436, 438 ]
298 silly gunzTarPerm extractEntry doc/object_wrappers.md
299 silly gunzTarPerm modified mode [ 'doc/object_wrappers.md', 436, 438 ]
300 silly gunzTarPerm extractEntry doc/persistent.md
301 silly gunzTarPerm modified mode [ 'doc/persistent.md', 436, 438 ]
302 silly gunzTarPerm extractEntry doc/scopes.md
303 silly gunzTarPerm modified mode [ 'doc/scopes.md', 436, 438 ]
304 silly gunzTarPerm extractEntry doc/script.md
305 silly gunzTarPerm modified mode [ 'doc/script.md', 436, 438 ]
306 silly gunzTarPerm extractEntry doc/string_bytes.md
307 silly gunzTarPerm modified mode [ 'doc/string_bytes.md', 436, 438 ]
308 silly gunzTarPerm extractEntry doc/v8_internals.md
309 silly gunzTarPerm modified mode [ 'doc/v8_internals.md', 436, 438 ]
310 silly gunzTarPerm extractEntry doc/v8_misc.md
311 silly gunzTarPerm modified mode [ 'doc/v8_misc.md', 436, 438 ]
312 silly gunzTarPerm extractEntry nan.h
313 silly gunzTarPerm modified mode [ 'nan.h', 436, 438 ]
314 silly gunzTarPerm extractEntry nan_callbacks.h
315 silly gunzTarPerm modified mode [ 'nan_callbacks.h', 436, 438 ]
316 silly gunzTarPerm extractEntry nan_callbacks_12_inl.h
317 silly gunzTarPerm modified mode [ 'nan_callbacks_12_inl.h', 436, 438 ]
318 silly gunzTarPerm extractEntry nan_callbacks_pre_12_inl.h
319 silly gunzTarPerm modified mode [ 'nan_callbacks_pre_12_inl.h', 436, 438 ]
320 silly gunzTarPerm extractEntry nan_converters_43_inl.h
321 silly gunzTarPerm modified mode [ 'nan_converters_43_inl.h', 436, 438 ]
322 silly gunzTarPerm extractEntry nan_converters_pre_43_inl.h
323 silly gunzTarPerm modified mode [ 'nan_converters_pre_43_inl.h', 436, 438 ]
324 silly gunzTarPerm extractEntry nan_implementation_12_inl.h
325 silly gunzTarPerm modified mode [ 'nan_implementation_12_inl.h', 436, 438 ]
326 silly gunzTarPerm extractEntry nan_implementation_pre_12_inl.h
327 silly gunzTarPerm modified mode [ 'nan_implementation_pre_12_inl.h', 436, 438 ]
328 silly gunzTarPerm extractEntry nan_maybe_43_inl.h
329 silly gunzTarPerm modified mode [ 'nan_maybe_43_inl.h', 436, 438 ]
330 silly gunzTarPerm extractEntry nan_maybe_pre_43_inl.h
331 silly gunzTarPerm modified mode [ 'nan_maybe_pre_43_inl.h', 436, 438 ]
332 silly gunzTarPerm extractEntry nan_new.h
333 silly gunzTarPerm modified mode [ 'nan_new.h', 436, 438 ]
334 silly gunzTarPerm extractEntry nan_object_wrap.h
335 silly gunzTarPerm modified mode [ 'nan_object_wrap.h', 436, 438 ]
336 silly gunzTarPerm extractEntry nan_persistent_12_inl.h
337 silly gunzTarPerm modified mode [ 'nan_persistent_12_inl.h', 436, 438 ]
338 silly gunzTarPerm extractEntry nan_persistent_pre_12_inl.h
339 silly gunzTarPerm modified mode [ 'nan_persistent_pre_12_inl.h', 436, 438 ]
340 silly gunzTarPerm extractEntry nan_string_bytes.h
341 silly gunzTarPerm modified mode [ 'nan_string_bytes.h', 436, 438 ]
342 silly gunzTarPerm extractEntry nan_typedarray_contents.h
343 silly gunzTarPerm modified mode [ 'nan_typedarray_contents.h', 436, 438 ]
344 silly gunzTarPerm extractEntry nan_weak.h
345 silly gunzTarPerm modified mode [ 'nan_weak.h', 436, 438 ]
346 silly gunzTarPerm extractEntry CHANGELOG.md
347 silly gunzTarPerm modified mode [ 'CHANGELOG.md', 436, 438 ]
348 silly gunzTarPerm extractEntry tools/package.json
349 silly gunzTarPerm modified mode [ 'tools/package.json', 436, 438 ]
350 silly gunzTarPerm extractEntry tools/README.md
351 silly gunzTarPerm modified mode [ 'tools/README.md', 436, 438 ]
352 silly gunzTarPerm extractEntry tools/1to2.js
353 silly gunzTarPerm modified mode [ 'tools/1to2.js', 509, 511 ]
354 silly gentlyRm C:\Users\mbj\Documents\GitHub\senseWebIntegration\node_modules\.staging\bcrypt-fc90680a\node_modules is being purged
355 verbose gentlyRm don't care about contents; nuking C:\Users\mbj\Documents\GitHub\senseWebIntegration\node_modules\.staging\bcrypt-fc90680a\node_modules
356 silly gentlyRm C:\Users\mbj\Documents\GitHub\senseWebIntegration\node_modules\.staging\nan-b7ad6ec8\node_modules is being purged
357 verbose gentlyRm don't care about contents; nuking C:\Users\mbj\Documents\GitHub\senseWebIntegration\node_modules\.staging\nan-b7ad6ec8\node_modules
358 silly doParallel preinstall 3
359 silly preinstall bindings@1.2.1 C:\Users\mbj\Documents\GitHub\senseWebIntegration\node_modules\.staging\bindings-1b52c824
360 info lifecycle bindings@1.2.1~preinstall: bindings@1.2.1
361 silly preinstall nan@2.3.5 C:\Users\mbj\Documents\GitHub\senseWebIntegration\node_modules\.staging\nan-b7ad6ec8
362 info lifecycle nan@2.3.5~preinstall: nan@2.3.5
363 silly preinstall bcrypt@0.8.7 C:\Users\mbj\Documents\GitHub\senseWebIntegration\node_modules\.staging\bcrypt-fc90680a
364 info lifecycle bcrypt@0.8.7~preinstall: bcrypt@0.8.7
365 silly lifecycle nan@2.3.5~preinstall: no script for preinstall, continuing
366 silly lifecycle bindings@1.2.1~preinstall: no script for preinstall, continuing
367 silly lifecycle bcrypt@0.8.7~preinstall: no script for preinstall, continuing
368 silly doReverseSerial remove 0
369 silly doSerial move 0
370 silly doSerial finalize 3
371 silly finalize C:\Users\mbj\Documents\GitHub\senseWebIntegration\node_modules\bindings
372 silly finalize C:\Users\mbj\Documents\GitHub\senseWebIntegration\node_modules\nan
373 silly finalize C:\Users\mbj\Documents\GitHub\senseWebIntegration\node_modules\bcrypt
374 silly doSerial build 3
375 silly build bindings@1.2.1
376 info linkStuff bindings@1.2.1
377 silly linkStuff bindings@1.2.1 has C:\Users\mbj\Documents\GitHub\senseWebIntegration\node_modules as its parent node_modules
378 verbose linkBins bindings@1.2.1
379 verbose linkMans bindings@1.2.1
380 silly build nan@2.3.5
381 info linkStuff nan@2.3.5
382 silly linkStuff nan@2.3.5 has C:\Users\mbj\Documents\GitHub\senseWebIntegration\node_modules as its parent node_modules
383 verbose linkBins nan@2.3.5
384 verbose linkMans nan@2.3.5
385 silly build bcrypt@0.8.7
386 info linkStuff bcrypt@0.8.7
387 silly linkStuff bcrypt@0.8.7 has C:\Users\mbj\Documents\GitHub\senseWebIntegration\node_modules as its parent node_modules
388 verbose linkBins bcrypt@0.8.7
389 verbose linkMans bcrypt@0.8.7
390 silly doSerial global-link 0
391 silly doParallel update-linked 0
392 silly doSerial install 3
393 silly install bindings@1.2.1 C:\Users\mbj\Documents\GitHub\senseWebIntegration\node_modules\.staging\bindings-1b52c824
394 info lifecycle bindings@1.2.1~install: bindings@1.2.1
395 silly lifecycle bindings@1.2.1~install: no script for install, continuing
396 silly install nan@2.3.5 C:\Users\mbj\Documents\GitHub\senseWebIntegration\node_modules\.staging\nan-b7ad6ec8
397 info lifecycle nan@2.3.5~install: nan@2.3.5
398 silly lifecycle nan@2.3.5~install: no script for install, continuing
399 silly install bcrypt@0.8.7 C:\Users\mbj\Documents\GitHub\senseWebIntegration\node_modules\.staging\bcrypt-fc90680a
400 info lifecycle bcrypt@0.8.7~install: bcrypt@0.8.7
401 verbose lifecycle bcrypt@0.8.7~install: unsafe-perm in lifecycle true
402 verbose lifecycle bcrypt@0.8.7~install: PATH: C:\Users\mbj\AppData\Local\.meteor\packages\meteor-tool\1.4.1_1\mt-os.windows.x86_32\dev_bundle\lib\node_modules\npm\bin\node-gyp-bin;C:\Users\mbj\Documents\GitHub\senseWebIntegration\node_modules\bcrypt\node_modules\.bin;C:\Users\mbj\Documents\GitHub\senseWebIntegration\node_modules\.bin;C:\Users\mbj\AppData\Local\.meteor\packages\meteor-tool\1.4.1_1\mt-os.windows.x86_32\dev_bundle\bin;C:\Users\mbj\AppData\Local\.meteor\packages\meteor-tool\1.4.1_1\mt-os.windows.x86_32\dev_bundle\lib\node_modules\.bin;C:\ProgramData\Oracle\Java\javapath;C:\WINDOWS\system32;C:\WINDOWS;C:\WINDOWS\System32\Wbem;C:\WINDOWS\System32\WindowsPowerShell\v1.0\;C:\Program Files\nodejs\;C:\Program Files (x86)\Skype\Phone\;C:\Users\mbj\AppData\Local\.meteor\;C:\Users\mbj\AppData\Roaming\npm;%USERPROFILE%\AppData\Local\Microsoft\WindowsApps;
403 verbose lifecycle bcrypt@0.8.7~install: CWD: C:\Users\mbj\Documents\GitHub\senseWebIntegration\node_modules\bcrypt
404 silly lifecycle bcrypt@0.8.7~install: Args: [ '/d /s /c', 'node-gyp rebuild' ]
405 silly lifecycle bcrypt@0.8.7~install: Returned: code: 1  signal: null
406 info lifecycle bcrypt@0.8.7~install: Failed to exec install script
407 verbose unlock done using C:\Users\mbj\AppData\Roaming\npm-cache\_locks\staging-cb95a2f27e09c85a.lock for C:\Users\mbj\Documents\GitHub\senseWebIntegration\node_modules\.staging
408 silly rollbackFailedOptional Starting
409 silly rollbackFailedOptional Finishing
410 silly runTopLevelLifecycles Starting
411 silly runTopLevelLifecycles Finishing
412 silly install printInstalled
413 warn enoent ENOENT: no such file or directory, open 'C:\Users\mbj\Documents\GitHub\senseWebIntegration\package.json'
414 warn senseWebIntegration No description
415 warn senseWebIntegration No repository field.
416 warn senseWebIntegration No README data
417 warn senseWebIntegration No license field.
418 verbose stack Error: bcrypt@0.8.7 install: `node-gyp rebuild`
418 verbose stack Exit status 1
418 verbose stack     at EventEmitter.<anonymous> (C:\Users\mbj\AppData\Local\.meteor\packages\meteor-tool\1.4.1_1\mt-os.windows.x86_32\dev_bundle\lib\node_modules\npm\lib\utils\lifecycle.js:255:16)
418 verbose stack     at emitTwo (events.js:87:13)
418 verbose stack     at EventEmitter.emit (events.js:172:7)
418 verbose stack     at ChildProcess.<anonymous> (C:\Users\mbj\AppData\Local\.meteor\packages\meteor-tool\1.4.1_1\mt-os.windows.x86_32\dev_bundle\lib\node_modules\npm\lib\utils\spawn.js:40:14)
418 verbose stack     at emitTwo (events.js:87:13)
418 verbose stack     at ChildProcess.emit (events.js:172:7)
418 verbose stack     at maybeClose (internal/child_process.js:829:16)
418 verbose stack     at Process.ChildProcess._handle.onexit (internal/child_process.js:211:5)
419 verbose pkgid bcrypt@0.8.7
420 verbose cwd C:\Users\mbj\Documents\GitHub\senseWebIntegration
421 error Windows_NT 10.0.14393
422 error argv "C:\\Users\\mbj\\AppData\\Local\\.meteor\\packages\\meteor-tool\\1.4.1_1\\mt-os.windows.x86_32\\dev_bundle\\bin\\node.exe" "C:\\Users\\mbj\\AppData\\Local\\.meteor\\packages\\meteor-tool\\1.4.1_1\\mt-os.windows.x86_32\\dev_bundle\\lib\\node_modules\\npm\\bin\\npm-cli.js" "install" "--save" "bcrypt"
423 error node v4.5.0
424 error npm  v3.10.6
425 error code ELIFECYCLE
426 error bcrypt@0.8.7 install: `node-gyp rebuild`
426 error Exit status 1
427 error Failed at the bcrypt@0.8.7 install script 'node-gyp rebuild'.
427 error Make sure you have the latest version of node.js and npm installed.
427 error If you do, this is most likely a problem with the bcrypt package,
427 error not with npm itself.
427 error Tell the author that this fails on your system:
427 error     node-gyp rebuild
427 error You can get information on how to open an issue for this project with:
427 error     npm bugs bcrypt
427 error Or if that isn't available, you can get their info via:
427 error     npm owner ls bcrypt
427 error There is likely additional logging output above.
428 verbose exit [ 1, true ]
